  [1m[35m (606.7ms)[0m  [1m[35mCREATE DATABASE "cat_tinder_backend_development" ENCODING = 'unicode'[0m
  [1m[35m (257.5ms)[0m  [1m[35mCREATE DATABASE "cat_tinder_backend_test" ENCODING = 'unicode'[0m
Started GET "/" for ::1 at 2020-08-19 15:39:13 -0700
Processing by Rails::WelcomeController#index as HTML
  Rendering /Users/learnacademy/.rvm/gems/ruby-2.7.0/gems/railties-6.0.3.2/lib/rails/templates/rails/welcome/index.html.erb
  Rendered /Users/learnacademy/.rvm/gems/ruby-2.7.0/gems/railties-6.0.3.2/lib/rails/templates/rails/welcome/index.html.erb (Duration: 18.6ms | Allocations: 409)
Completed 200 OK in 49ms (Views: 30.7ms | ActiveRecord: 0.0ms | Allocations: 2423)


  [1m[35m (61.6ms)[0m  [1m[35mCREATE TABLE "schema_migrations" ("version" character varying NOT NULL PRIMARY KEY)[0m
  [1m[35m (31.6ms)[0m  [1m[35mCREATE TABLE "ar_internal_metadata" ("key" character varying NOT NULL PRIMARY KEY, "value" character varying, "created_at" timestamp(6) NOT NULL, "updated_at" timestamp(6) NOT NULL)[0m
  [1m[35m (1.8ms)[0m  [1m[34mSELECT pg_try_advisory_lock(193641846089075370)[0m
  [1m[35m (1.2ms)[0m  [1m[34mSELECT "schema_migrations"."version" FROM "schema_migrations" ORDER BY "schema_migrations"."version" ASC[0m
Migrating to CreateCats (20200819224141)
  [1m[35m (18.6ms)[0m  [1m[35mBEGIN[0m
  [1m[35m (7.5ms)[0m  [1m[35mCREATE TABLE "cats" ("id" bigserial primary key, "name" character varying, "age" integer, "enjoys" text, "created_at" timestamp(6) NOT NULL, "updated_at" timestamp(6) NOT NULL)[0m
  [1m[36mprimary::SchemaMigration Create (2.2ms)[0m  [1m[32mINSERT INTO "schema_migrations" ("version") VALUES ($1) RETURNING "version"[0m  [["version", "20200819224141"]]
  [1m[35m (0.6ms)[0m  [1m[35mCOMMIT[0m
  [1m[36mActiveRecord::InternalMetadata Load (0.6ms)[0m  [1m[34mSELECT "ar_internal_metadata".* FROM "ar_internal_metadata" WHERE "ar_internal_metadata"."key" = $1 LIMIT $2[0m  [["key", "environment"], ["LIMIT", 1]]
  [1m[35m (24.7ms)[0m  [1m[35mBEGIN[0m
  [1m[36mActiveRecord::InternalMetadata Create (1.8ms)[0m  [1m[32mINSERT INTO "ar_internal_metadata" ("key", "value", "created_at", "updated_at") VALUES ($1, $2, $3, $4) RETURNING "key"[0m  [["key", "environment"], ["value", "development"], ["created_at", "2020-08-19 22:41:58.653394"], ["updated_at", "2020-08-19 22:41:58.653394"]]
  [1m[35m (0.5ms)[0m  [1m[35mCOMMIT[0m
  [1m[35m (0.4ms)[0m  [1m[34mSELECT pg_advisory_unlock(193641846089075370)[0m
  [1m[35m (0.7ms)[0m  [1m[34mSELECT "schema_migrations"."version" FROM "schema_migrations" ORDER BY "schema_migrations"."version" ASC[0m
  [1m[35m (0.2ms)[0m  [1m[34mSELECT pg_try_advisory_lock(193641846089075370)[0m
  [1m[35m (0.8ms)[0m  [1m[34mSELECT "schema_migrations"."version" FROM "schema_migrations" ORDER BY "schema_migrations"."version" ASC[0m
  [1m[36mActiveRecord::InternalMetadata Load (0.5ms)[0m  [1m[34mSELECT "ar_internal_metadata".* FROM "ar_internal_metadata" WHERE "ar_internal_metadata"."key" = $1 LIMIT $2[0m  [["key", "environment"], ["LIMIT", 1]]
  [1m[35m (0.7ms)[0m  [1m[34mSELECT pg_advisory_unlock(193641846089075370)[0m
  [1m[35m (0.9ms)[0m  [1m[34mSELECT "schema_migrations"."version" FROM "schema_migrations" ORDER BY "schema_migrations"."version" ASC[0m
  [1m[35m (0.3ms)[0m  [1m[34mSELECT pg_try_advisory_lock(193641846089075370)[0m
  [1m[35m (25.7ms)[0m  [1m[34mSELECT "schema_migrations"."version" FROM "schema_migrations" ORDER BY "schema_migrations"."version" ASC[0m
Migrating to AddingStoryAndImageColumnsToCatsTable (20200819224542)
  [1m[35m (0.2ms)[0m  [1m[35mBEGIN[0m
  [1m[35m (4.0ms)[0m  [1m[35mALTER TABLE "cats" ADD "story" text[0m
  [1m[35m (0.3ms)[0m  [1m[35mALTER TABLE "cats" ADD "image" text[0m
  [1m[36mprimary::SchemaMigration Create (0.4ms)[0m  [1m[32mINSERT INTO "schema_migrations" ("version") VALUES ($1) RETURNING "version"[0m  [["version", "20200819224542"]]
  [1m[35m (1.3ms)[0m  [1m[35mCOMMIT[0m
  [1m[36mActiveRecord::InternalMetadata Load (0.7ms)[0m  [1m[34mSELECT "ar_internal_metadata".* FROM "ar_internal_metadata" WHERE "ar_internal_metadata"."key" = $1 LIMIT $2[0m  [["key", "environment"], ["LIMIT", 1]]
  [1m[35m (0.4ms)[0m  [1m[34mSELECT pg_advisory_unlock(193641846089075370)[0m
  [1m[35m (0.7ms)[0m  [1m[34mSELECT "schema_migrations"."version" FROM "schema_migrations" ORDER BY "schema_migrations"."version" ASC[0m
  [1m[35m (0.3ms)[0m  [1m[34mSELECT pg_try_advisory_lock(193641846089075370)[0m
  [1m[35m (0.9ms)[0m  [1m[34mSELECT "schema_migrations"."version" FROM "schema_migrations" ORDER BY "schema_migrations"."version" ASC[0m
  [1m[36mActiveRecord::InternalMetadata Load (0.8ms)[0m  [1m[34mSELECT "ar_internal_metadata".* FROM "ar_internal_metadata" WHERE "ar_internal_metadata"."key" = $1 LIMIT $2[0m  [["key", "environment"], ["LIMIT", 1]]
  [1m[35m (0.4ms)[0m  [1m[34mSELECT pg_advisory_unlock(193641846089075370)[0m
  [1m[35m (1.0ms)[0m  [1m[34mSELECT "schema_migrations"."version" FROM "schema_migrations" ORDER BY "schema_migrations"."version" ASC[0m
  [1m[36mCat Load (2.6ms)[0m  [1m[34mSELECT "cats".* FROM "cats" LIMIT $1[0m  [["LIMIT", 11]]
  [1m[36mCat Load (0.5ms)[0m  [1m[34mSELECT "cats".* FROM "cats" LIMIT $1[0m  [["LIMIT", 11]]
  [1m[35m (1.4ms)[0m  [1m[34mSELECT "schema_migrations"."version" FROM "schema_migrations" ORDER BY "schema_migrations"."version" ASC[0m
  [1m[35m (0.5ms)[0m  [1m[34mSELECT "ar_internal_metadata"."value" FROM "ar_internal_metadata" WHERE "ar_internal_metadata"."key" = $1[0m  [["key", "environment"]]
  [1m[35m (0.3ms)[0m  [1m[34mSELECT "schema_migrations"."version" FROM "schema_migrations" ORDER BY "schema_migrations"."version" ASC[0m
  [1m[35m (0.2ms)[0m  [1m[34mSELECT "ar_internal_metadata"."value" FROM "ar_internal_metadata" WHERE "ar_internal_metadata"."key" = $1[0m  [["key", "environment"]]
  [1m[35m (0.2ms)[0m  [1m[34mSELECT "schema_migrations"."version" FROM "schema_migrations" ORDER BY "schema_migrations"."version" ASC[0m
  [1m[35m (0.2ms)[0m  [1m[34mSELECT "ar_internal_metadata"."value" FROM "ar_internal_metadata" WHERE "ar_internal_metadata"."key" = $1[0m  [["key", "environment"]]
  [1m[35m (96.1ms)[0m  [1m[35mDROP DATABASE IF EXISTS "cat_tinder_backend_development"[0m
  [1m[35m (95.3ms)[0m  [1m[35mDROP DATABASE IF EXISTS "cat_tinder_backend_test"[0m
  [1m[35m (411.7ms)[0m  [1m[35mCREATE DATABASE "cat_tinder_backend_development" ENCODING = 'unicode'[0m
  [1m[35m (235.0ms)[0m  [1m[35mCREATE DATABASE "cat_tinder_backend_test" ENCODING = 'unicode'[0m
  [1m[35m (7.4ms)[0m  [1m[35mCREATE TABLE "schema_migrations" ("version" character varying NOT NULL PRIMARY KEY)[0m
  [1m[35m (3.9ms)[0m  [1m[35mCREATE TABLE "ar_internal_metadata" ("key" character varying NOT NULL PRIMARY KEY, "value" character varying, "created_at" timestamp(6) NOT NULL, "updated_at" timestamp(6) NOT NULL)[0m
  [1m[35m (0.3ms)[0m  [1m[34mSELECT pg_try_advisory_lock(193641846089075370)[0m
  [1m[35m (0.8ms)[0m  [1m[34mSELECT "schema_migrations"."version" FROM "schema_migrations" ORDER BY "schema_migrations"."version" ASC[0m
Migrating to CreateCats (20200819224141)
  [1m[35m (0.3ms)[0m  [1m[35mBEGIN[0m
  [1m[35m (29.9ms)[0m  [1m[35mCREATE TABLE "cats" ("id" bigserial primary key, "name" character varying, "age" integer, "enjoys" text, "created_at" timestamp(6) NOT NULL, "updated_at" timestamp(6) NOT NULL)[0m
  [1m[36mprimary::SchemaMigration Create (0.6ms)[0m  [1m[32mINSERT INTO "schema_migrations" ("version") VALUES ($1) RETURNING "version"[0m  [["version", "20200819224141"]]
  [1m[35m (0.5ms)[0m  [1m[35mCOMMIT[0m
Migrating to AddingStoryAndImageColumnsToCatsTable (20200819224542)
  [1m[35m (0.3ms)[0m  [1m[35mBEGIN[0m
  [1m[35m (0.3ms)[0m  [1m[35mALTER TABLE "cats" ADD "story" text[0m
  [1m[35m (0.3ms)[0m  [1m[35mALTER TABLE "cats" ADD "image" text[0m
  [1m[36mprimary::SchemaMigration Create (24.1ms)[0m  [1m[32mINSERT INTO "schema_migrations" ("version") VALUES ($1) RETURNING "version"[0m  [["version", "20200819224542"]]
  [1m[35m (0.7ms)[0m  [1m[35mCOMMIT[0m
  [1m[36mActiveRecord::InternalMetadata Load (0.4ms)[0m  [1m[34mSELECT "ar_internal_metadata".* FROM "ar_internal_metadata" WHERE "ar_internal_metadata"."key" = $1 LIMIT $2[0m  [["key", "environment"], ["LIMIT", 1]]
  [1m[35m (0.3ms)[0m  [1m[35mBEGIN[0m
  [1m[36mActiveRecord::InternalMetadata Create (0.7ms)[0m  [1m[32mINSERT INTO "ar_internal_metadata" ("key", "value", "created_at", "updated_at") VALUES ($1, $2, $3, $4) RETURNING "key"[0m  [["key", "environment"], ["value", "development"], ["created_at", "2020-08-19 22:59:06.120044"], ["updated_at", "2020-08-19 22:59:06.120044"]]
  [1m[35m (0.5ms)[0m  [1m[35mCOMMIT[0m
  [1m[35m (0.6ms)[0m  [1m[34mSELECT pg_advisory_unlock(193641846089075370)[0m
  [1m[35m (0.7ms)[0m  [1m[34mSELECT "schema_migrations"."version" FROM "schema_migrations" ORDER BY "schema_migrations"."version" ASC[0m
  [1m[35m (0.9ms)[0m  [1m[34mSELECT "schema_migrations"."version" FROM "schema_migrations" ORDER BY "schema_migrations"."version" ASC[0m
  [1m[35m (0.2ms)[0m  [1m[35mBEGIN[0m
  [1m[36mCat Create (0.9ms)[0m  [1m[32mINSERT INTO "cats" ("name", "age", "enjoys", "created_at", "updated_at", "story", "image") VALUES ($1, $2, $3, $4, $5, $6, $7) RETURNING "id"[0m  [["name", "Mittens"], ["age", 5], ["enjoys", "Sunshine and warm spots"], ["created_at", "2020-08-19 22:59:25.114229"], ["updated_at", "2020-08-19 22:59:25.114229"], ["story", "Some of this cute cats favorite things are to sunbathe, lay on keyboards, and get into mischief. Her favorite snacks are pudding and tuna(not together). Her least favorite things are cucumbers and exercise."], ["image", "https://i.imgur.com/byaT7g1.jpg"]]
  [1m[35m (0.8ms)[0m  [1m[35mCOMMIT[0m
  [1m[35m (0.1ms)[0m  [1m[35mBEGIN[0m
  [1m[36mCat Create (0.4ms)[0m  [1m[32mINSERT INTO "cats" ("name", "age", "enjoys", "created_at", "updated_at", "story", "image") VALUES ($1, $2, $3, $4, $5, $6, $7) RETURNING "id"[0m  [["name", "Raisins"], ["age", 4], ["enjoys", "Scaring the dogs"], ["created_at", "2020-08-19 22:59:25.119977"], ["updated_at", "2020-08-19 22:59:25.119977"], ["story", "This friscy feline loves to show incabable canines who's boss. Her favorite sncack is love and her sworn enemy is the vaccum."], ["image", "https://i.imgur.com/PhooSlF.jpg"]]
  [1m[35m (0.6ms)[0m  [1m[35mCOMMIT[0m
  [1m[35m (0.4ms)[0m  [1m[35mBEGIN[0m
  [1m[36mCat Create (0.4ms)[0m  [1m[32mINSERT INTO "cats" ("name", "age", "enjoys", "created_at", "updated_at", "story", "image") VALUES ($1, $2, $3, $4, $5, $6, $7) RETURNING "id"[0m  [["name", "Toast"], ["age", 1], ["enjoys", "Getting all the attention"], ["created_at", "2020-08-19 22:59:25.125216"], ["updated_at", "2020-08-19 22:59:25.125216"], ["story", "Human pets are this cats idea of a vacation. His favorite snack is buttered toast and his least favorite snack is celery."], ["image", "https://i.imgur.com/HvwDddU.jpg"]]
  [1m[35m (25.4ms)[0m  [1m[35mCOMMIT[0m
  [1m[35m (0.2ms)[0m  [1m[35mBEGIN[0m
  [1m[36mCat Create (0.7ms)[0m  [1m[32mINSERT INTO "cats" ("name", "age", "enjoys", "created_at", "updated_at", "story", "image") VALUES ($1, $2, $3, $4, $5, $6, $7) RETURNING "id"[0m  [["name", "Beans"], ["age", 12], ["enjoys", "Kinda gassy"], ["created_at", "2020-08-19 22:59:25.157789"], ["updated_at", "2020-08-19 22:59:25.157789"], ["story", "This exotic gentelman loves to show off for the ladies. His favorite foods are canned beans and live zebra. His biggest fear is water."], ["image", "https://i.imgur.com/QeQOd5Q.jpg"]]
  [1m[35m (0.6ms)[0m  [1m[35mCOMMIT[0m
  [1m[36mCat Load (0.3ms)[0m  [1m[34mSELECT "cats".* FROM "cats" LIMIT $1[0m  [["LIMIT", 11]]
  [1m[35m (0.9ms)[0m  [1m[35mDROP DATABASE IF EXISTS "cat_tinder_backend_development"[0m
  [1m[35m (0.1ms)[0m  [1m[35mDROP DATABASE IF EXISTS "cat_tinder_backend_test"[0m
  [1m[35m (0.2ms)[0m  [1m[35mDROP DATABASE IF EXISTS "cat_tinder_backend_development"[0m
  [1m[35m (0.2ms)[0m  [1m[35mDROP DATABASE IF EXISTS "cat_tinder_backend_test"[0m
  [1m[35m (473.3ms)[0m  [1m[35mCREATE DATABASE "cat_tinder_backend_development" ENCODING = 'unicode'[0m
  [1m[35m (199.6ms)[0m  [1m[35mCREATE DATABASE "cat_tinder_backend_test" ENCODING = 'unicode'[0m
  [1m[35m (10.7ms)[0m  [1m[35mCREATE TABLE "schema_migrations" ("version" character varying NOT NULL PRIMARY KEY)[0m
  [1m[35m (6.0ms)[0m  [1m[35mCREATE TABLE "ar_internal_metadata" ("key" character varying NOT NULL PRIMARY KEY, "value" character varying, "created_at" timestamp(6) NOT NULL, "updated_at" timestamp(6) NOT NULL)[0m
  [1m[35m (1.4ms)[0m  [1m[34mSELECT pg_try_advisory_lock(193641846089075370)[0m
  [1m[35m (1.6ms)[0m  [1m[34mSELECT "schema_migrations"."version" FROM "schema_migrations" ORDER BY "schema_migrations"."version" ASC[0m
Migrating to CreateCats (20200819224141)
  [1m[35m (15.2ms)[0m  [1m[35mBEGIN[0m
  [1m[35m (6.7ms)[0m  [1m[35mCREATE TABLE "cats" ("id" bigserial primary key, "name" character varying, "age" integer, "enjoys" text, "created_at" timestamp(6) NOT NULL, "updated_at" timestamp(6) NOT NULL)[0m
  [1m[36mprimary::SchemaMigration Create (26.8ms)[0m  [1m[32mINSERT INTO "schema_migrations" ("version") VALUES ($1) RETURNING "version"[0m  [["version", "20200819224141"]]
  [1m[35m (0.5ms)[0m  [1m[35mCOMMIT[0m
Migrating to AddingStoryAndImageColumnsToCatsTable (20200819224542)
  [1m[35m (0.3ms)[0m  [1m[35mBEGIN[0m
  [1m[35m (3.0ms)[0m  [1m[35mALTER TABLE "cats" ADD "story" text[0m
  [1m[35m (0.4ms)[0m  [1m[35mALTER TABLE "cats" ADD "image" text[0m
  [1m[36mprimary::SchemaMigration Create (0.8ms)[0m  [1m[32mINSERT INTO "schema_migrations" ("version") VALUES ($1) RETURNING "version"[0m  [["version", "20200819224542"]]
  [1m[35m (0.5ms)[0m  [1m[35mCOMMIT[0m
  [1m[36mActiveRecord::InternalMetadata Load (0.5ms)[0m  [1m[34mSELECT "ar_internal_metadata".* FROM "ar_internal_metadata" WHERE "ar_internal_metadata"."key" = $1 LIMIT $2[0m  [["key", "environment"], ["LIMIT", 1]]
  [1m[35m (0.2ms)[0m  [1m[35mBEGIN[0m
  [1m[36mActiveRecord::InternalMetadata Create (1.6ms)[0m  [1m[32mINSERT INTO "ar_internal_metadata" ("key", "value", "created_at", "updated_at") VALUES ($1, $2, $3, $4) RETURNING "key"[0m  [["key", "environment"], ["value", "development"], ["created_at", "2020-08-20 17:39:04.881602"], ["updated_at", "2020-08-20 17:39:04.881602"]]
  [1m[35m (0.5ms)[0m  [1m[35mCOMMIT[0m
  [1m[35m (0.4ms)[0m  [1m[34mSELECT pg_advisory_unlock(193641846089075370)[0m
  [1m[35m (0.9ms)[0m  [1m[34mSELECT "schema_migrations"."version" FROM "schema_migrations" ORDER BY "schema_migrations"."version" ASC[0m
  [1m[35m (1.3ms)[0m  [1m[34mSELECT "schema_migrations"."version" FROM "schema_migrations" ORDER BY "schema_migrations"."version" ASC[0m
  [1m[35m (0.5ms)[0m  [1m[35mBEGIN[0m
  [1m[36mCat Create (1.1ms)[0m  [1m[32mINSERT INTO "cats" ("name", "age", "enjoys", "created_at", "updated_at", "story", "image") VALUES ($1, $2, $3, $4, $5, $6, $7) RETURNING "id"[0m  [["name", "Mittens"], ["age", 5], ["enjoys", "Sunshine and warm spots"], ["created_at", "2020-08-20 17:39:20.539857"], ["updated_at", "2020-08-20 17:39:20.539857"], ["story", "Some of this cute cats favorite things are to sunbathe, lay on keyboards, and get into mischief. Her favorite snacks are pudding and tuna(not together). Her least favorite things are cucumbers and exercise."], ["image", "https://i.imgur.com/byaT7g1.jpg"]]
  [1m[35m (0.6ms)[0m  [1m[35mCOMMIT[0m
  [1m[35m (0.2ms)[0m  [1m[35mBEGIN[0m
  [1m[36mCat Create (0.3ms)[0m  [1m[32mINSERT INTO "cats" ("name", "age", "enjoys", "created_at", "updated_at", "story", "image") VALUES ($1, $2, $3, $4, $5, $6, $7) RETURNING "id"[0m  [["name", "Raisins"], ["age", 4], ["enjoys", "Scaring the dogs"], ["created_at", "2020-08-20 17:39:20.546455"], ["updated_at", "2020-08-20 17:39:20.546455"], ["story", "This friscy feline loves to show incabable canines who's boss. Her favorite sncack is love and her sworn enemy is the vaccum."], ["image", "https://i.imgur.com/PhooSlF.jpg"]]
  [1m[35m (0.5ms)[0m  [1m[35mCOMMIT[0m
  [1m[35m (25.1ms)[0m  [1m[35mBEGIN[0m
  [1m[36mCat Create (0.8ms)[0m  [1m[32mINSERT INTO "cats" ("name", "age", "enjoys", "created_at", "updated_at", "story", "image") VALUES ($1, $2, $3, $4, $5, $6, $7) RETURNING "id"[0m  [["name", "Toast"], ["age", 1], ["enjoys", "Getting all the attention"], ["created_at", "2020-08-20 17:39:20.550840"], ["updated_at", "2020-08-20 17:39:20.550840"], ["story", "Human pets are this cats idea of a vacation. His favorite snack is buttered toast and his least favorite snack is celery."], ["image", "https://i.imgur.com/HvwDddU.jpg"]]
  [1m[35m (0.7ms)[0m  [1m[35mCOMMIT[0m
  [1m[35m (0.2ms)[0m  [1m[35mBEGIN[0m
  [1m[36mCat Create (0.4ms)[0m  [1m[32mINSERT INTO "cats" ("name", "age", "enjoys", "created_at", "updated_at", "story", "image") VALUES ($1, $2, $3, $4, $5, $6, $7) RETURNING "id"[0m  [["name", "Beans"], ["age", 12], ["enjoys", "Kinda gassy"], ["created_at", "2020-08-20 17:39:20.584101"], ["updated_at", "2020-08-20 17:39:20.584101"], ["story", "This exotic gentelman loves to show off for the ladies. His favorite foods are canned beans and live zebra. His biggest fear is water."], ["image", "https://i.imgur.com/QeQOd5Q.jpg"]]
  [1m[35m (0.8ms)[0m  [1m[35mCOMMIT[0m
  [1m[36mCat Load (0.5ms)[0m  [1m[34mSELECT "cats".* FROM "cats" LIMIT $1[0m  [["LIMIT", 11]]
  [1m[35m (3.4ms)[0m  [1m[34mSELECT "schema_migrations"."version" FROM "schema_migrations" ORDER BY "schema_migrations"."version" ASC[0m
  [1m[35m (0.7ms)[0m  [1m[34mSELECT "ar_internal_metadata"."value" FROM "ar_internal_metadata" WHERE "ar_internal_metadata"."key" = $1[0m  [["key", "environment"]]
  [1m[35m (0.4ms)[0m  [1m[34mSELECT "schema_migrations"."version" FROM "schema_migrations" ORDER BY "schema_migrations"."version" ASC[0m
  [1m[35m (0.2ms)[0m  [1m[34mSELECT "ar_internal_metadata"."value" FROM "ar_internal_metadata" WHERE "ar_internal_metadata"."key" = $1[0m  [["key", "environment"]]
  [1m[35m (0.4ms)[0m  [1m[34mSELECT "schema_migrations"."version" FROM "schema_migrations" ORDER BY "schema_migrations"."version" ASC[0m
  [1m[35m (0.9ms)[0m  [1m[34mSELECT "ar_internal_metadata"."value" FROM "ar_internal_metadata" WHERE "ar_internal_metadata"."key" = $1[0m  [["key", "environment"]]
  [1m[35m (136.4ms)[0m  [1m[35mDROP DATABASE IF EXISTS "cat_tinder_backend_development"[0m
  [1m[35m (148.6ms)[0m  [1m[35mDROP DATABASE IF EXISTS "cat_tinder_backend_test"[0m
  [1m[35m (475.6ms)[0m  [1m[35mCREATE DATABASE "cat_tinder_backend_development" ENCODING = 'unicode'[0m
  [1m[35m (218.0ms)[0m  [1m[35mCREATE DATABASE "cat_tinder_backend_test" ENCODING = 'unicode'[0m
  [1m[35m (8.4ms)[0m  [1m[35mCREATE TABLE "schema_migrations" ("version" character varying NOT NULL PRIMARY KEY)[0m
  [1m[35m (4.2ms)[0m  [1m[35mCREATE TABLE "ar_internal_metadata" ("key" character varying NOT NULL PRIMARY KEY, "value" character varying, "created_at" timestamp(6) NOT NULL, "updated_at" timestamp(6) NOT NULL)[0m
  [1m[35m (0.5ms)[0m  [1m[34mSELECT pg_try_advisory_lock(193641846089075370)[0m
  [1m[35m (0.8ms)[0m  [1m[34mSELECT "schema_migrations"."version" FROM "schema_migrations" ORDER BY "schema_migrations"."version" ASC[0m
Migrating to CreateCats (20200819224141)
  [1m[35m (0.3ms)[0m  [1m[35mBEGIN[0m
  [1m[35m (4.8ms)[0m  [1m[35mCREATE TABLE "cats" ("id" bigserial primary key, "name" character varying, "age" integer, "enjoys" text, "created_at" timestamp(6) NOT NULL, "updated_at" timestamp(6) NOT NULL)[0m
  [1m[36mprimary::SchemaMigration Create (23.5ms)[0m  [1m[32mINSERT INTO "schema_migrations" ("version") VALUES ($1) RETURNING "version"[0m  [["version", "20200819224141"]]
  [1m[35m (0.7ms)[0m  [1m[35mCOMMIT[0m
Migrating to AddingStoryAndImageColumnsToCatsTable (20200819224542)
  [1m[35m (0.7ms)[0m  [1m[35mBEGIN[0m
  [1m[35m (0.5ms)[0m  [1m[35mALTER TABLE "cats" ADD "story" text[0m
  [1m[35m (0.5ms)[0m  [1m[35mALTER TABLE "cats" ADD "image" text[0m
  [1m[36mprimary::SchemaMigration Create (24.3ms)[0m  [1m[32mINSERT INTO "schema_migrations" ("version") VALUES ($1) RETURNING "version"[0m  [["version", "20200819224542"]]
  [1m[35m (0.6ms)[0m  [1m[35mCOMMIT[0m
  [1m[36mActiveRecord::InternalMetadata Load (0.5ms)[0m  [1m[34mSELECT "ar_internal_metadata".* FROM "ar_internal_metadata" WHERE "ar_internal_metadata"."key" = $1 LIMIT $2[0m  [["key", "environment"], ["LIMIT", 1]]
  [1m[35m (23.0ms)[0m  [1m[35mBEGIN[0m
  [1m[36mActiveRecord::InternalMetadata Create (0.9ms)[0m  [1m[32mINSERT INTO "ar_internal_metadata" ("key", "value", "created_at", "updated_at") VALUES ($1, $2, $3, $4) RETURNING "key"[0m  [["key", "environment"], ["value", "development"], ["created_at", "2020-08-21 18:35:39.596055"], ["updated_at", "2020-08-21 18:35:39.596055"]]
  [1m[35m (0.7ms)[0m  [1m[35mCOMMIT[0m
  [1m[35m (0.5ms)[0m  [1m[34mSELECT pg_advisory_unlock(193641846089075370)[0m
  [1m[35m (1.8ms)[0m  [1m[34mSELECT "schema_migrations"."version" FROM "schema_migrations" ORDER BY "schema_migrations"."version" ASC[0m
  [1m[35m (1.7ms)[0m  [1m[34mSELECT "schema_migrations"."version" FROM "schema_migrations" ORDER BY "schema_migrations"."version" ASC[0m
  [1m[35m (15.2ms)[0m  [1m[35mBEGIN[0m
  [1m[36mCat Create (1.3ms)[0m  [1m[32mINSERT INTO "cats" ("name", "age", "enjoys", "created_at", "updated_at", "story", "image") VALUES ($1, $2, $3, $4, $5, $6, $7) RETURNING "id"[0m  [["name", "Mittens"], ["age", 5], ["enjoys", "Sunshine and warm spots"], ["created_at", "2020-08-21 18:35:52.352267"], ["updated_at", "2020-08-21 18:35:52.352267"], ["story", "Some of this cute cats favorite things are to sunbathe, lay on keyboards, and get into mischief. Her favorite snacks are pudding and tuna(not together). Her least favorite things are cucumbers and exercise."], ["image", "https://i.imgur.com/byaT7g1.jpg"]]
  [1m[35m (1.1ms)[0m  [1m[35mCOMMIT[0m
  [1m[35m (0.2ms)[0m  [1m[35mBEGIN[0m
  [1m[36mCat Create (22.0ms)[0m  [1m[32mINSERT INTO "cats" ("name", "age", "enjoys", "created_at", "updated_at", "story", "image") VALUES ($1, $2, $3, $4, $5, $6, $7) RETURNING "id"[0m  [["name", "Raisins"], ["age", 4], ["enjoys", "Scaring the dogs"], ["created_at", "2020-08-21 18:35:52.390096"], ["updated_at", "2020-08-21 18:35:52.390096"], ["story", "This friscy feline loves to show incabable canines who's boss. Her favorite sncack is love and her sworn enemy is the vaccum."], ["image", "https://i.imgur.com/PhooSlF.jpg"]]
  [1m[35m (0.4ms)[0m  [1m[35mCOMMIT[0m
  [1m[35m (0.2ms)[0m  [1m[35mBEGIN[0m
  [1m[36mCat Create (0.5ms)[0m  [1m[32mINSERT INTO "cats" ("name", "age", "enjoys", "created_at", "updated_at", "story", "image") VALUES ($1, $2, $3, $4, $5, $6, $7) RETURNING "id"[0m  [["name", "Toast"], ["age", 1], ["enjoys", "Getting all the attention"], ["created_at", "2020-08-21 18:35:52.429754"], ["updated_at", "2020-08-21 18:35:52.429754"], ["story", "Human pets are this cats idea of a vacation. His favorite snack is buttered toast and his least favorite snack is celery."], ["image", "https://i.imgur.com/HvwDddU.jpg"]]
  [1m[35m (0.5ms)[0m  [1m[35mCOMMIT[0m
  [1m[35m (25.4ms)[0m  [1m[35mBEGIN[0m
  [1m[36mCat Create (0.8ms)[0m  [1m[32mINSERT INTO "cats" ("name", "age", "enjoys", "created_at", "updated_at", "story", "image") VALUES ($1, $2, $3, $4, $5, $6, $7) RETURNING "id"[0m  [["name", "Beans"], ["age", 12], ["enjoys", "Kinda gassy"], ["created_at", "2020-08-21 18:35:52.442945"], ["updated_at", "2020-08-21 18:35:52.442945"], ["story", "This exotic gentelman loves to show off for the ladies. His favorite foods are canned beans and live zebra. His biggest fear is water."], ["image", "https://i.imgur.com/QeQOd5Q.jpg"]]
  [1m[35m (0.5ms)[0m  [1m[35mCOMMIT[0m
Started GET "/" for ::1 at 2020-08-21 11:36:41 -0700
  [1m[35m (0.9ms)[0m  [1m[34mSELECT "schema_migrations"."version" FROM "schema_migrations" ORDER BY "schema_migrations"."version" ASC[0m
Processing by Rails::WelcomeController#index as HTML
  Rendering /Users/learnacademy/.rvm/gems/ruby-2.7.0/gems/railties-6.0.3.2/lib/rails/templates/rails/welcome/index.html.erb
  Rendered /Users/learnacademy/.rvm/gems/ruby-2.7.0/gems/railties-6.0.3.2/lib/rails/templates/rails/welcome/index.html.erb (Duration: 11.5ms | Allocations: 409)
Completed 200 OK in 44ms (Views: 30.3ms | ActiveRecord: 0.0ms | Allocations: 2440)


Started GET "/cats" for ::1 at 2020-08-21 11:49:22 -0700
Started GET "/" for ::1 at 2020-08-21 11:49:22 -0700
  [1m[35m (1.8ms)[0m  [1m[34mSELECT "schema_migrations"."version" FROM "schema_migrations" ORDER BY "schema_migrations"."version" ASC[0m
  [1m[35m (17.8ms)[0m  [1m[34mSELECT "schema_migrations"."version" FROM "schema_migrations" ORDER BY "schema_migrations"."version" ASC[0m
Processing by CatsController#index as */*
Processing by Rails::WelcomeController#index as HTML
  [1m[36mCat Load (3.2ms)[0m  [1m[34mSELECT "cats".* FROM "cats"[0m
  Rendering /Users/learnacademy/.rvm/gems/ruby-2.7.0/gems/railties-6.0.3.2/lib/rails/templates/rails/welcome/index.html.erb
  ↳ app/controllers/cats_controller.rb:4:in `index'
  Rendered /Users/learnacademy/.rvm/gems/ruby-2.7.0/gems/railties-6.0.3.2/lib/rails/templates/rails/welcome/index.html.erb (Duration: 17.6ms | Allocations: 457)
Completed 200 OK in 35ms (Views: 25.3ms | ActiveRecord: 0.0ms | Allocations: 2483)


Completed 200 OK in 197ms (Views: 121.3ms | ActiveRecord: 66.0ms | Allocations: 9000)


Started GET "/cats" for ::1 at 2020-08-21 11:50:59 -0700
Processing by CatsController#index as */*
  [1m[36mCat Load (1.3ms)[0m  [1m[34mSELECT "cats".* FROM "cats"[0m
  ↳ app/controllers/cats_controller.rb:4:in `index'
Completed 200 OK in 16ms (Views: 11.6ms | ActiveRecord: 1.3ms | Allocations: 1502)


Started GET "/cats" for ::1 at 2020-08-21 11:51:09 -0700
Processing by CatsController#index as */*
  [1m[36mCat Load (0.6ms)[0m  [1m[34mSELECT "cats".* FROM "cats"[0m
  ↳ app/controllers/cats_controller.rb:4:in `index'
Completed 200 OK in 7ms (Views: 5.3ms | ActiveRecord: 0.6ms | Allocations: 1502)


Started POST "/cats" for ::1 at 2020-08-21 11:53:31 -0700
Processing by CatsController#create as */*
  Parameters: {"name"=>"Ribbons", "age"=>"5", "enjoys"=>"Cutting ribbons with claws", "story"=>"Helps with wrapping gifts by cutting ribbons with claws", "image"=>"https://ichef.bbci.co.uk/news/1024/cpsprodpb/151AB/production/_111434468_gettyimages-1143489763.jpg", "cat"=>{"name"=>"Ribbons", "age"=>"5", "enjoys"=>"Cutting ribbons with claws", "story"=>"Helps with wrapping gifts by cutting ribbons with claws", "image"=>"https://ichef.bbci.co.uk/news/1024/cpsprodpb/151AB/production/_111434468_gettyimages-1143489763.jpg"}}
  [1m[35m (0.4ms)[0m  [1m[35mBEGIN[0m
  ↳ app/controllers/cats_controller.rb:8:in `create'
  [1m[36mCat Create (36.0ms)[0m  [1m[32mINSERT INTO "cats" ("name", "age", "enjoys", "created_at", "updated_at", "story", "image") VALUES ($1, $2, $3, $4, $5, $6, $7) RETURNING "id"[0m  [["name", "Ribbons"], ["age", 5], ["enjoys", "Cutting ribbons with claws"], ["created_at", "2020-08-21 18:53:31.560416"], ["updated_at", "2020-08-21 18:53:31.560416"], ["story", "Helps with wrapping gifts by cutting ribbons with claws"], ["image", "https://ichef.bbci.co.uk/news/1024/cpsprodpb/151AB/production/_111434468_gettyimages-1143489763.jpg"]]
  ↳ app/controllers/cats_controller.rb:8:in `create'
  [1m[35m (25.3ms)[0m  [1m[35mCOMMIT[0m
  ↳ app/controllers/cats_controller.rb:8:in `create'
Completed 200 OK in 148ms (Views: 0.4ms | ActiveRecord: 61.7ms | Allocations: 3005)


Started GET "/cats" for ::1 at 2020-08-21 11:53:31 -0700
Processing by CatsController#index as */*
  [1m[36mCat Load (0.6ms)[0m  [1m[34mSELECT "cats".* FROM "cats"[0m
  ↳ app/controllers/cats_controller.rb:4:in `index'
Completed 200 OK in 6ms (Views: 4.1ms | ActiveRecord: 0.6ms | Allocations: 1631)


  [1m[36mCat Load (1.9ms)[0m  [1m[34mSELECT "cats".* FROM "cats" LIMIT $1[0m  [["LIMIT", 11]]
Started GET "/cats" for ::1 at 2020-08-21 11:56:22 -0700
Processing by CatsController#index as */*
  [1m[36mCat Load (0.4ms)[0m  [1m[34mSELECT "cats".* FROM "cats"[0m
  ↳ app/controllers/cats_controller.rb:4:in `index'
Completed 200 OK in 7ms (Views: 6.6ms | ActiveRecord: 0.4ms | Allocations: 1629)


Started GET "/cats" for ::1 at 2020-08-21 11:56:26 -0700
Processing by CatsController#index as */*
  [1m[36mCat Load (3.8ms)[0m  [1m[34mSELECT "cats".* FROM "cats"[0m
  ↳ app/controllers/cats_controller.rb:4:in `index'
Completed 200 OK in 12ms (Views: 5.8ms | ActiveRecord: 3.8ms | Allocations: 1629)


Started POST "/cats" for ::1 at 2020-08-21 11:57:40 -0700
Processing by CatsController#create as */*
  Parameters: {"name"=>"Sprinkles", "age"=>"6", "enjoys"=>"Eating sprinkles", "story"=>"Got her name by eating soooo much sprinkles", "image"=>"https://i.pinimg.com/originals/38/c7/d3/38c7d36a3875ad1bbd92b84c412c8a9d.jpg", "cat"=>{"name"=>"Sprinkles", "age"=>"6", "enjoys"=>"Eating sprinkles", "story"=>"Got her name by eating soooo much sprinkles", "image"=>"https://i.pinimg.com/originals/38/c7/d3/38c7d36a3875ad1bbd92b84c412c8a9d.jpg"}}
  [1m[35m (0.3ms)[0m  [1m[35mBEGIN[0m
  ↳ app/controllers/cats_controller.rb:8:in `create'
  [1m[36mCat Create (2.8ms)[0m  [1m[32mINSERT INTO "cats" ("name", "age", "enjoys", "created_at", "updated_at", "story", "image") VALUES ($1, $2, $3, $4, $5, $6, $7) RETURNING "id"[0m  [["name", "Sprinkles"], ["age", 6], ["enjoys", "Eating sprinkles"], ["created_at", "2020-08-21 18:57:40.948075"], ["updated_at", "2020-08-21 18:57:40.948075"], ["story", "Got her name by eating soooo much sprinkles"], ["image", "https://i.pinimg.com/originals/38/c7/d3/38c7d36a3875ad1bbd92b84c412c8a9d.jpg"]]
  ↳ app/controllers/cats_controller.rb:8:in `create'
  [1m[35m (0.7ms)[0m  [1m[35mCOMMIT[0m
  ↳ app/controllers/cats_controller.rb:8:in `create'
Completed 200 OK in 24ms (Views: 0.3ms | ActiveRecord: 3.8ms | Allocations: 2771)


Started GET "/cats" for ::1 at 2020-08-21 11:57:40 -0700
Processing by CatsController#index as */*
  [1m[36mCat Load (1.3ms)[0m  [1m[34mSELECT "cats".* FROM "cats"[0m
  ↳ app/controllers/cats_controller.rb:4:in `index'
Completed 200 OK in 6ms (Views: 4.4ms | ActiveRecord: 1.3ms | Allocations: 1771)


  [1m[36mCat Load (6.1ms)[0m  [1m[34mSELECT "cats".* FROM "cats" LIMIT $1[0m  [["LIMIT", 11]]
Started GET "/cats" for ::1 at 2020-08-21 11:58:41 -0700
Processing by CatsController#index as */*
  [1m[36mCat Load (27.0ms)[0m  [1m[34mSELECT "cats".* FROM "cats"[0m
  ↳ app/controllers/cats_controller.rb:4:in `index'
Completed 200 OK in 32ms (Views: 4.5ms | ActiveRecord: 27.0ms | Allocations: 1771)


Started GET "/cats" for ::1 at 2020-08-21 11:59:46 -0700
Processing by CatsController#index as */*
  [1m[36mCat Load (25.0ms)[0m  [1m[34mSELECT "cats".* FROM "cats"[0m
  ↳ app/controllers/cats_controller.rb:4:in `index'
Completed 200 OK in 31ms (Views: 5.2ms | ActiveRecord: 25.0ms | Allocations: 1771)


Started GET "/cats" for ::1 at 2020-08-21 12:00:27 -0700
Processing by CatsController#index as */*
  [1m[36mCat Load (0.6ms)[0m  [1m[34mSELECT "cats".* FROM "cats"[0m
  ↳ app/controllers/cats_controller.rb:4:in `index'
Completed 200 OK in 7ms (Views: 5.1ms | ActiveRecord: 0.6ms | Allocations: 1771)


